<?xml version="1.0" encoding="UTF-8"?>
<!-- Generated by org.testng.reporters.JUnitReportReporter -->
<testsuite skipped="0" hostname="MLI-LAP-180" name="HelixSenseTests.LoginTest" tests="1" failures="0" timestamp="2022-03-14T11:22:28 IST" time="17.698" errors="0">
  <testcase name="HelixSenseLogIn" time="17.698" classname="HelixSenseTests.LoginTest"/>
  <system-out/>
</testsuite> <!-- HelixSenseTests.LoginTest -->
