<?xml version="1.0" encoding="UTF-8"?>
<!-- Generated by org.testng.reporters.JUnitReportReporter -->
<testsuite skipped="0" hostname="MLI-LAP-180" name="HelixSenseTests.ValidateQRCodeTest" tests="1" failures="0" timestamp="2022-03-01T18:22:48 IST" time="77.380" errors="0">
  <testcase name="verifyQRCode" time="77.380" classname="HelixSenseTests.ValidateQRCodeTest"/>
  <system-out/>
</testsuite> <!-- HelixSenseTests.ValidateQRCodeTest -->
