<?xml version="1.0" encoding="UTF-8"?>
<!-- Generated by org.testng.reporters.JUnitReportReporter -->
<testsuite skipped="0" hostname="MLI-LAP-180" name="HelixSenseTests.AssetRegistryByQRCodeTest" tests="1" failures="0" timestamp="2022-03-01T18:22:47 IST" time="71.953" errors="0">
  <testcase name="VerifyAssetRegistryByQRCode" time="71.953" classname="HelixSenseTests.AssetRegistryByQRCodeTest"/>
  <system-out/>
</testsuite> <!-- HelixSenseTests.AssetRegistryByQRCodeTest -->
