<?xml version="1.0" encoding="UTF-8"?>
<!-- Generated by org.testng.reporters.JUnitReportReporter -->
<testsuite skipped="0" hostname="MLI-LAP-180" name="HelixSenseTests.RaiseATicketForAssetTest" tests="1" failures="0" timestamp="2022-03-01T18:22:47 IST" time="46.887" errors="0">
  <testcase name="verifyHelpdeskRaiseTicketByLocation" time="46.887" classname="HelixSenseTests.RaiseATicketForAssetTest"/>
  <system-out/>
</testsuite> <!-- HelixSenseTests.RaiseATicketForAssetTest -->
