<?xml version="1.0" encoding="UTF-8"?>
<!-- Generated by org.testng.reporters.JUnitReportReporter -->
<testsuite skipped="0" hostname="MLI-LAP-180" name="HelixSenseTests.AddInboundMailWithEmployeeTest" tests="3" failures="0" timestamp="2022-03-01T18:22:47 IST" time="101.662" errors="0">
  <testcase name="verifyAddInboundMailWithEmployee" time="50.738" classname="HelixSenseTests.AddInboundMailWithEmployeeTest"/>
  <system-out/>
  <testcase name="verifyWhetherInboundisCreated" time="19.126" classname="HelixSenseTests.AddInboundMailWithEmployeeTest"/>
  <system-out/>
  <testcase name="verifyChangeStatusRegistrytoDelivery" time="31.798" classname="HelixSenseTests.AddInboundMailWithEmployeeTest"/>
  <system-out/>
</testsuite> <!-- HelixSenseTests.AddInboundMailWithEmployeeTest -->
