<?xml version="1.0" encoding="UTF-8"?>
<!-- Generated by org.testng.reporters.JUnitReportReporter -->
<testsuite hostname="MLI-LAP-180" failures="0" tests="9" name="HelixSenseTest" time="275.131" errors="0" timestamp="2022-01-31T19:34:14 IST" skipped="0">
  <testcase classname="HelixSenseTest" name="LaunchApp" time="15.003"/>
  <system-out/>
  <testcase classname="HelixSenseTest" name="UserLogIn" time="19.365"/>
  <system-out/>
  <testcase classname="HelixSenseTest" name="SearchAssetByLocation" time="14.170"/>
  <system-out/>
  <testcase classname="HelixSenseTest" name="SearchAssetByFilter" time="117.886"/>
  <system-out/>
  <testcase classname="HelixSenseTest" name="SearchAssetByName" time="25.641"/>
  <system-out/>
  <testcase classname="HelixSenseTest" name="ValidateAssests" time="16.447"/>
  <system-out/>
  <testcase classname="HelixSenseTest" name="HelpDeskSearchAssetByLocation" time="14.325"/>
  <system-out/>
  <testcase classname="HelixSenseTest" name="VerifyHelpDeskNewTickets" time="14.137"/>
  <system-out/>
  <testcase classname="HelixSenseTest" name="HelpDeskSearchAssetByName" time="38.157"/>
  <system-out/>
</testsuite> <!-- HelixSenseTest -->
