<?xml version="1.0" encoding="UTF-8"?>
<!-- Generated by org.testng.reporters.JUnitReportReporter -->
<testsuite skipped="0" hostname="MLI-LAP-180" name="HelixSenseTests.HelpDeskAssetByNameTest" tests="1" failures="0" timestamp="2022-03-01T18:22:47 IST" time="41.396" errors="0">
  <testcase name="verifyHelpDeskAssetByName" time="41.396" classname="HelixSenseTests.HelpDeskAssetByNameTest"/>
  <system-out/>
</testsuite> <!-- HelixSenseTests.HelpDeskAssetByNameTest -->
