<?xml version="1.0" encoding="UTF-8"?>
<!-- Generated by org.testng.reporters.JUnitReportReporter -->
<testsuite skipped="0" hostname="MLI-LAP-180" name="LoginTest" tests="1" failures="0" timestamp="2022-02-01T14:06:13 IST" time="14.400" errors="0">
  <testcase name="LaunchApp" time="14.400" classname="LoginTest"/>
  <system-out/>
</testsuite> <!-- LoginTest -->
