<?xml version="1.0" encoding="UTF-8"?>
<!-- Generated by org.testng.reporters.JUnitReportReporter -->
<testsuite hostname="MCHP78" failures="0" tests="9" name="TDDoc" time="294.623" errors="0" timestamp="2021-12-17T16:07:33 IST" skipped="1">
  <testcase classname="TDDoc" name="LaunchApp" time="10.988"/>
  <system-out/>
  <testcase classname="TDDoc" name="DoctorLogIn" time="11.034"/>
  <system-out/>
  <testcase classname="TDDoc" name="PatientSearch" time="168.129"/>
  <system-out/>
  <testcase classname="TDDoc" name="JoinVideoCall" time="38.801"/>
  <system-out/>
  <testcase classname="TDDoc" name="GoToWebsite" time="19.476"/>
  <system-out/>
  <testcase classname="TDDoc" name="TDUniversity" time="22.007"/>
  <system-out/>
  <testcase classname="TDDoc" name="DoctorProfile" time="21.277"/>
  <system-out/>
  <testcase classname="TDDoc" name="LogOut" time="2.911"/>
  <system-out/>
  <testcase classname="TDDoc" name="ChangePassword">
    <skipped/>
  </testcase> <!-- ChangePassword -->
  <system-out/>
</testsuite> <!-- TDDoc -->
