<?xml version="1.0" encoding="UTF-8"?>
<!-- Generated by org.testng.reporters.JUnitReportReporter -->
<testsuite skipped="0" hostname="MLI-LAP-180" name="HelixSenseTests.AssetRegistryActionsTest" tests="1" failures="0" timestamp="2022-03-11T15:57:43 IST" time="58.043" errors="0">
  <testcase name="verifyAssetRegistryIsReplaced" time="58.043" classname="HelixSenseTests.AssetRegistryActionsTest"/>
  <system-out/>
</testsuite> <!-- HelixSenseTests.AssetRegistryActionsTest -->
