<?xml version="1.0" encoding="UTF-8"?>
<!-- Generated by org.testng.reporters.JUnitReportReporter -->
<testsuite skipped="0" hostname="MLI-LAP-180" name="HelixSenseTests.HelixSearchByQRCodeTest" tests="1" failures="0" timestamp="2022-03-10T16:08:56 IST" time="65.549" errors="0">
  <testcase name="verifyPendingWorkOrdersScanQR" time="65.549" classname="HelixSenseTests.HelixSearchByQRCodeTest"/>
  <system-out/>
</testsuite> <!-- HelixSenseTests.HelixSearchByQRCodeTest -->
