<?xml version="1.0" encoding="UTF-8"?>
<!-- Generated by org.testng.reporters.JUnitReportReporter -->
<testsuite skipped="0" hostname="MLI-LAP-180" name="HelixSenseTests.HelpdeskRaiseTicketByLocationTest" tests="1" failures="0" timestamp="2022-03-08T10:55:19 IST" time="49.645" errors="0">
  <testcase name="verifyHelpdeskRaiseTicketByLocation" time="49.645" classname="HelixSenseTests.HelpdeskRaiseTicketByLocationTest"/>
  <system-out/>
</testsuite> <!-- HelixSenseTests.HelpdeskRaiseTicketByLocationTest -->
