<?xml version="1.0" encoding="UTF-8"?>
<!-- Generated by org.testng.reporters.JUnitReportReporter -->
<testsuite skipped="0" hostname="MLI-LAP-180" name="HelixSenseTests.HelpDeskSearchAssetByLocationTest" tests="1" failures="0" timestamp="2022-03-07T12:59:01 IST" time="52.225" errors="0">
  <testcase name="HelpDeskSearchAssetByLocation" time="52.225" classname="HelixSenseTests.HelpDeskSearchAssetByLocationTest"/>
  <system-out/>
</testsuite> <!-- HelixSenseTests.HelpDeskSearchAssetByLocationTest -->
