<?xml version="1.0" encoding="UTF-8"?>
<!-- Generated by org.testng.reporters.JUnitReportReporter -->
<testsuite skipped="0" hostname="MLI-LAP-180" name="HelixSenseTests.IncidentRaiseTicketTest" tests="1" failures="0" timestamp="2022-03-10T17:20:04 IST" time="108.557" errors="0">
  <testcase name="verifyIncidentManagementRaiseTicket" time="108.557" classname="HelixSenseTests.IncidentRaiseTicketTest"/>
  <system-out/>
</testsuite> <!-- HelixSenseTests.IncidentRaiseTicketTest -->
