<?xml version="1.0" encoding="UTF-8"?>
<!-- Generated by org.testng.reporters.JUnitReportReporter -->
<testsuite skipped="0" hostname="MLI-LAP-180" name="HelixSenseTests.AddOutboundMailWithDepartmentTest" tests="1" failures="0" timestamp="2022-03-01T18:22:47 IST" time="60.999" errors="0">
  <testcase name="verifyAddOutboundMailWithDepartment" time="60.999" classname="HelixSenseTests.AddOutboundMailWithDepartmentTest"/>
  <system-out/>
</testsuite> <!-- HelixSenseTests.AddOutboundMailWithDepartmentTest -->
