<?xml version="1.0" encoding="UTF-8"?>
<!-- Generated by org.testng.reporters.JUnitReportReporter -->
<testsuite skipped="0" hostname="MLI-LAP-180" name="HelixSenseTests.AddOutboundMailWithEmployeeTest" tests="1" failures="0" timestamp="2022-03-08T11:15:09 IST" time="39.762" errors="0">
  <testcase name="verifyChangeStatusReadytoDispatch" time="39.762" classname="HelixSenseTests.AddOutboundMailWithEmployeeTest"/>
  <system-out/>
</testsuite> <!-- HelixSenseTests.AddOutboundMailWithEmployeeTest -->
