<?xml version="1.0" encoding="UTF-8"?>
<!-- Generated by org.testng.reporters.JUnitReportReporter -->
<testsuite skipped="0" hostname="MLI-LAP-180" name="HelixSenseTests.InspectionScheduleTest" tests="1" failures="0" timestamp="2022-02-17T13:08:14 IST" time="98.723" errors="0">
  <testcase name="verifyInspectionSchedule" time="98.723" classname="HelixSenseTests.InspectionScheduleTest"/>
  <system-out/>
</testsuite> <!-- HelixSenseTests.InspectionScheduleTest -->
